#
# There is insufficient memory for the Java Runtime Environment to continue.
# Native memory allocation (malloc) failed to allocate 493712 bytes for Chunk::new
# Possible reasons:
#   The system is out of physical RAM or swap space
#   The process is running with CompressedOops enabled, and the Java Heap may be blocking the growth of the native heap
# Possible solutions:
#   Reduce memory load on the system
#   Increase physical memory or swap space
#   Check if swap backing store is full
#   Decrease Java heap size (-Xmx/-Xms)
#   Decrease number of Java threads
#   Decrease Java thread stack sizes (-Xss)
#   Set larger code cache with -XX:ReservedCodeCacheSize=
#   JVM is running with Unscaled Compressed Oops mode in which the Java heap is
#     placed in the first 4GB address space. The Java Heap base address is the
#     maximum limit for the native heap growth. Please use -XX:HeapBaseMinAddress
#     to set the Java Heap base and to place the Java Heap above 4GB virtual address.
# This output file may be truncated or incomplete.
#
#  Out of Memory Error (allocation.cpp:389), pid=1324, tid=0x00000000000033cc
#
# JRE version: OpenJDK Runtime Environment (8.0_242-b01) (build 1.8.0_242-release-1644-b01)
# Java VM: OpenJDK 64-Bit Server VM (25.242-b01 mixed mode windows-amd64 compressed oops)
# Failed to write core dump. Minidumps are not enabled by default on client versions of Windows
#

---------------  T H R E A D  ---------------

Current thread (0x00000000182fd000):  JavaThread "C2 CompilerThread0" daemon [_thread_in_native, id=13260, stack(0x000000001a9c0000,0x000000001aac0000)]

Stack: [0x000000001a9c0000,0x000000001aac0000]
[error occurred during error reporting (printing stack bounds), id 0xc0000005]

Native frames: (J=compiled Java code, j=interpreted, Vv=VM code, C=native code)


Current CompileTask:
C2:  13178 2656       4       org.codehaus.groovy.runtime.metaclass.MetaMethodIndex::addMethodToList (298 bytes)


---------------  P R O C E S S  ---------------

Java Threads: ( => current thread )
  0x000000001b60f800 JavaThread "Cache worker for execution history cache (C:\Users\Idan Roas\.gradle\caches\6.1.1\executionHistory)" [_thread_blocked, id=12180, stack(0x0000000021480000,0x0000000021580000)]
  0x000000001b60b000 JavaThread "Cache worker for cache directory md-rule (C:\Users\Idan Roas\.gradle\caches\6.1.1\md-rule)" [_thread_blocked, id=19960, stack(0x0000000021380000,0x0000000021480000)]
  0x000000001b60d800 JavaThread "Cache worker for cache directory md-supplier (C:\Users\Idan Roas\.gradle\caches\6.1.1\md-supplier)" [_thread_blocked, id=20348, stack(0x0000000021280000,0x0000000021380000)]
  0x000000001b60c800 JavaThread "Cache worker for file hash cache (C:\Users\Idan Roas\AndroidStudioProjects\YNote\.gradle\6.1.1\fileHashes)" [_thread_blocked, id=21624, stack(0x00000000218c0000,0x00000000219c0000)]
  0x000000001b60e000 JavaThread "Cache worker for checksums cache (C:\Users\Idan Roas\AndroidStudioProjects\YNote\.gradle\checksums)" [_thread_blocked, id=9252, stack(0x00000000217c0000,0x00000000218c0000)]
  0x000000001b60f000 JavaThread "Cache worker for file hash cache (C:\Users\Idan Roas\.gradle\caches\6.1.1\fileHashes)" [_thread_blocked, id=15084, stack(0x000000001ede0000,0x000000001eee0000)]
  0x000000001b60a800 JavaThread "File lock request listener" [_thread_in_native, id=7312, stack(0x000000001ece0000,0x000000001ede0000)]
  0x000000001c3f1800 JavaThread "Cache worker for journal cache (C:\Users\Idan Roas\.gradle\caches\journal-1)" [_thread_blocked, id=5660, stack(0x000000001ebe0000,0x000000001ece0000)]
  0x000000001bf8b000 JavaThread "Thread-9" [_thread_blocked, id=18664, stack(0x000000001e8e0000,0x000000001e9e0000)]
  0x000000001a3ef800 JavaThread "Stdin handler" [_thread_blocked, id=14920, stack(0x000000001e7e0000,0x000000001e8e0000)]
  0x000000001a3ee800 JavaThread "Asynchronous log dispatcher for DefaultDaemonConnection: socket connection from /127.0.0.1:59606 to /127.0.0.1:59607" [_thread_blocked, id=10644, stack(0x000000001e6e0000,0x000000001e7e0000)]
  0x000000001bb95800 JavaThread "Daemon worker" [_thread_in_Java, id=13836, stack(0x000000001e5e0000,0x000000001e6e0000)]
  0x000000001b0bd000 JavaThread "Cancel handler" [_thread_blocked, id=13168, stack(0x000000001e4e0000,0x000000001e5e0000)]
  0x000000001bd28800 JavaThread "Handler for socket connection from /127.0.0.1:59606 to /127.0.0.1:59607" [_thread_in_native, id=21752, stack(0x000000001e1e0000,0x000000001e2e0000)]
  0x000000001cb41800 JavaThread "Daemon" [_thread_blocked, id=20768, stack(0x000000001e0e0000,0x000000001e1e0000)]
  0x000000001be35000 JavaThread "Daemon periodic checks" [_thread_blocked, id=11504, stack(0x000000001dfe0000,0x000000001e0e0000)]
  0x000000001be33800 JavaThread "Incoming local TCP Connector on port 59606" [_thread_in_native, id=9136, stack(0x000000001dda0000,0x000000001dea0000)]
  0x000000001b09e000 JavaThread "Daemon health stats" [_thread_blocked, id=18736, stack(0x000000001d760000,0x000000001d860000)]
  0x000000001a1ca000 JavaThread "Service Thread" daemon [_thread_blocked, id=15688, stack(0x000000001adc0000,0x000000001aec0000)]
  0x000000001a144000 JavaThread "C1 CompilerThread3" daemon [_thread_blocked, id=11060, stack(0x000000001acc0000,0x000000001adc0000)]
  0x000000001a0fa800 JavaThread "C2 CompilerThread2" daemon [_thread_in_native, id=4164, stack(0x000000001abc0000,0x000000001acc0000)]
  0x000000001a0f7800 JavaThread "C2 CompilerThread1" daemon [_thread_in_native, id=11452, stack(0x000000001aac0000,0x000000001abc0000)]
=>0x00000000182fd000 JavaThread "C2 CompilerThread0" daemon [_thread_in_native, id=13260, stack(0x000000001a9c0000,0x000000001aac0000)]
  0x000000001a140800 JavaThread "Attach Listener" daemon [_thread_blocked, id=9232, stack(0x000000001a8c0000,0x000000001a9c0000)]
  0x000000001a0e6800 JavaThread "Signal Dispatcher" daemon [_thread_blocked, id=18216, stack(0x000000001a7c0000,0x000000001a8c0000)]
  0x000000000337c800 JavaThread "Finalizer" daemon [_thread_blocked, id=20856, stack(0x000000001a5c0000,0x000000001a6c0000)]
  0x000000001a0e0800 JavaThread "Reference Handler" daemon [_thread_blocked, id=9628, stack(0x000000001a4c0000,0x000000001a5c0000)]
  0x000000000317e800 JavaThread "main" [_thread_blocked, id=5696, stack(0x0000000003010000,0x0000000003110000)]

Other Threads:
  0x00000000182e8800 VMThread [stack: 0x0000000019fc0000,0x000000001a0c0000] [id=11628]
  0x000000001a1d2800 WatcherThread [stack: 0x000000001aec0000,0x000000001afc0000] [id=9452]

VM state:not at safepoint (normal execution)

VM Mutex/Monitor currently owned by a thread: None

heap address: 0x0000000080000000, size: 2048 MB, Compressed Oops mode: 32-bit
Narrow klass base: 0x0000000000000000, Narrow klass shift: 3
Compressed class space size: 1073741824 Address: 0x0000000100000000

Heap:
 PSYoungGen      total 52736K, used 14864K [0x00000000d5580000, 0x00000000d9380000, 0x0000000100000000)
  eden space 41984K, 27% used [0x00000000d5580000,0x00000000d6099db8,0x00000000d7e80000)
  from space 10752K, 32% used [0x00000000d7e80000,0x00000000d81ea518,0x00000000d8900000)
  to   space 10240K, 0% used [0x00000000d8980000,0x00000000d8980000,0x00000000d9380000)
 ParOldGen       total 49664K, used 13585K [0x0000000080000000, 0x0000000083080000, 0x00000000d5580000)
  object space 49664K, 27% used [0x0000000080000000,0x0000000080d444e8,0x0000000083080000)
 Metaspace       used 32647K, capacity 33650K, committed 33968K, reserved 1079296K
  class space    used 4426K, capacity 4672K, committed 4784K, reserved 1048576K

Card table byte_map: [0x0000000012740000,0x0000000012b50000] byte_map_base: 0x0000000012340000

Marking Bits: (ParMarkBitMap*) 0x000000005da2f030
 Begin Bits: [0x0000000013500000, 0x0000000015500000)
 End Bits:   [0x0000000015500000, 0x0000000017500000)

Polling page: 0x0000000002f70000

CodeCache: size=245760Kb used=9376Kb max_used=9376Kb free=236383Kb
 bounds [0x0000000003380000, 0x0000000003cc0000, 0x0000000012380000]
 total_blobs=3158 nmethods=2473 adapters=598
 compilation: enabled

Compilation events (10 events):
Event: 13.157 Thread 0x000000001a144000 2724       3       org.codehaus.groovy.reflection.CachedMethod::find (30 bytes)
Event: 13.157 Thread 0x000000001a144000 nmethod 2724 0x0000000003cacc10 code [0x0000000003cace00, 0x0000000003cad838]
Event: 13.157 Thread 0x000000001a144000 2722       1       sun.reflect.generics.tree.MethodTypeSignature::getFormalTypeParameters (5 bytes)
Event: 13.157 Thread 0x000000001a144000 nmethod 2722 0x0000000003cadc90 code [0x0000000003cadde0, 0x0000000003cadef0]
Event: 13.164 Thread 0x000000001a144000 2725       3       com.sun.beans.TypeResolver::erase (32 bytes)
Event: 13.164 Thread 0x000000001a144000 nmethod 2725 0x0000000003cadf50 code [0x0000000003cae0e0, 0x0000000003cae4e8]
Event: 13.165 Thread 0x000000001a144000 2726       3       sun.misc.ProxyGenerator$ConstantPool::getString (21 bytes)
Event: 13.166 Thread 0x000000001a144000 nmethod 2726 0x0000000003cae690 code [0x0000000003cae840, 0x0000000003caed48]
Event: 13.166 Thread 0x000000001a144000 2727       3       sun.misc.ProxyGenerator::code_ldc (64 bytes)
Event: 13.167 Thread 0x000000001a144000 nmethod 2727 0x0000000003caf010 code [0x0000000003caf220, 0x0000000003cafe28]

GC Heap History (10 events):
Event: 10.050 GC heap before
{Heap before GC invocations=8 (full 1):
 PSYoungGen      total 38400K, used 3792K [0x00000000d5580000, 0x00000000d8000000, 0x0000000100000000)
  eden space 33280K, 0% used [0x00000000d5580000,0x00000000d5580000,0x00000000d7600000)
  from space 5120K, 74% used [0x00000000d7600000,0x00000000d79b4040,0x00000000d7b00000)
  to   space 5120K, 0% used [0x00000000d7b00000,0x00000000d7b00000,0x00000000d8000000)
 ParOldGen       total 87552K, used 12653K [0x0000000080000000, 0x0000000085580000, 0x00000000d5580000)
  object space 87552K, 14% used [0x0000000080000000,0x0000000080c5b6d0,0x0000000085580000)
 Metaspace       used 20567K, capacity 21230K, committed 21296K, reserved 1067008K
  class space    used 2888K, capacity 3097K, committed 3120K, reserved 1048576K
Event: 10.101 GC heap after
Heap after GC invocations=8 (full 1):
 PSYoungGen      total 38400K, used 0K [0x00000000d5580000, 0x00000000d8000000, 0x0000000100000000)
  eden space 33280K, 0% used [0x00000000d5580000,0x00000000d5580000,0x00000000d7600000)
  from space 5120K, 0% used [0x00000000d7600000,0x00000000d7600000,0x00000000d7b00000)
  to   space 5120K, 0% used [0x00000000d7b00000,0x00000000d7b00000,0x00000000d8000000)
 ParOldGen       total 49664K, used 9645K [0x0000000080000000, 0x0000000083080000, 0x00000000d5580000)
  object space 49664K, 19% used [0x0000000080000000,0x000000008096b508,0x0000000083080000)
 Metaspace       used 20567K, capacity 21230K, committed 21296K, reserved 1067008K
  class space    used 2888K, capacity 3097K, committed 3120K, reserved 1048576K
}
Event: 10.770 GC heap before
{Heap before GC invocations=9 (full 1):
 PSYoungGen      total 38400K, used 33280K [0x00000000d5580000, 0x00000000d8000000, 0x0000000100000000)
  eden space 33280K, 100% used [0x00000000d5580000,0x00000000d7600000,0x00000000d7600000)
  from space 5120K, 0% used [0x00000000d7600000,0x00000000d7600000,0x00000000d7b00000)
  to   space 5120K, 0% used [0x00000000d7b00000,0x00000000d7b00000,0x00000000d8000000)
 ParOldGen       total 49664K, used 9645K [0x0000000080000000, 0x0000000083080000, 0x00000000d5580000)
  object space 49664K, 19% used [0x0000000080000000,0x000000008096b508,0x0000000083080000)
 Metaspace       used 22453K, capacity 23222K, committed 23472K, reserved 1069056K
  class space    used 3181K, capacity 3419K, committed 3504K, reserved 1048576K
Event: 10.773 GC heap after
Heap after GC invocations=9 (full 1):
 PSYoungGen      total 32256K, used 2792K [0x00000000d5580000, 0x00000000daa80000, 0x0000000100000000)
  eden space 27136K, 0% used [0x00000000d5580000,0x00000000d5580000,0x00000000d7000000)
  from space 5120K, 54% used [0x00000000d7b00000,0x00000000d7dba3c8,0x00000000d8000000)
  to   space 11264K, 0% used [0x00000000d7000000,0x00000000d7000000,0x00000000d7b00000)
 ParOldGen       total 49664K, used 9653K [0x0000000080000000, 0x0000000083080000, 0x00000000d5580000)
  object space 49664K, 19% used [0x0000000080000000,0x000000008096d508,0x0000000083080000)
 Metaspace       used 22453K, capacity 23222K, committed 23472K, reserved 1069056K
  class space    used 3181K, capacity 3419K, committed 3504K, reserved 1048576K
}
Event: 11.454 GC heap before
{Heap before GC invocations=10 (full 1):
 PSYoungGen      total 32256K, used 29928K [0x00000000d5580000, 0x00000000daa80000, 0x0000000100000000)
  eden space 27136K, 100% used [0x00000000d5580000,0x00000000d7000000,0x00000000d7000000)
  from space 5120K, 54% used [0x00000000d7b00000,0x00000000d7dba3c8,0x00000000d8000000)
  to   space 11264K, 0% used [0x00000000d7000000,0x00000000d7000000,0x00000000d7b00000)
 ParOldGen       total 49664K, used 9653K [0x0000000080000000, 0x0000000083080000, 0x00000000d5580000)
  object space 49664K, 19% used [0x0000000080000000,0x000000008096d508,0x0000000083080000)
 Metaspace       used 27603K, capacity 28304K, committed 28720K, reserved 1073152K
  class space    used 3811K, capacity 4043K, committed 4144K, reserved 1048576K
Event: 11.465 GC heap after
Heap after GC invocations=10 (full 1):
 PSYoungGen      total 38400K, used 5294K [0x00000000d5580000, 0x00000000d9400000, 0x0000000100000000)
  eden space 27136K, 0% used [0x00000000d5580000,0x00000000d5580000,0x00000000d7000000)
  from space 11264K, 47% used [0x00000000d7000000,0x00000000d752ba08,0x00000000d7b00000)
  to   space 10752K, 0% used [0x00000000d8980000,0x00000000d8980000,0x00000000d9400000)
 ParOldGen       total 49664K, used 9661K [0x0000000080000000, 0x0000000083080000, 0x00000000d5580000)
  object space 49664K, 19% used [0x0000000080000000,0x000000008096f508,0x0000000083080000)
 Metaspace       used 27603K, capacity 28304K, committed 28720K, reserved 1073152K
  class space    used 3811K, capacity 4043K, committed 4144K, reserved 1048576K
}
Event: 12.326 GC heap before
{Heap before GC invocations=11 (full 1):
 PSYoungGen      total 38400K, used 32430K [0x00000000d5580000, 0x00000000d9400000, 0x0000000100000000)
  eden space 27136K, 100% used [0x00000000d5580000,0x00000000d7000000,0x00000000d7000000)
  from space 11264K, 47% used [0x00000000d7000000,0x00000000d752ba08,0x00000000d7b00000)
  to   space 10752K, 0% used [0x00000000d8980000,0x00000000d8980000,0x00000000d9400000)
 ParOldGen       total 49664K, used 9661K [0x0000000080000000, 0x0000000083080000, 0x00000000d5580000)
  object space 49664K, 19% used [0x0000000080000000,0x000000008096f508,0x0000000083080000)
 Metaspace       used 30214K, capacity 31026K, committed 31280K, reserved 1077248K
  class space    used 4056K, capacity 4308K, committed 4400K, reserved 1048576K
Event: 12.341 GC heap after
Heap after GC invocations=11 (full 1):
 PSYoungGen      total 52224K, used 4802K [0x00000000d5580000, 0x00000000d9380000, 0x0000000100000000)
  eden space 41984K, 0% used [0x00000000d5580000,0x00000000d5580000,0x00000000d7e80000)
  from space 10240K, 46% used [0x00000000d8980000,0x00000000d8e30ba8,0x00000000d9380000)
  to   space 10752K, 0% used [0x00000000d7e80000,0x00000000d7e80000,0x00000000d8900000)
 ParOldGen       total 49664K, used 10337K [0x0000000080000000, 0x0000000083080000, 0x00000000d5580000)
  object space 49664K, 20% used [0x0000000080000000,0x0000000080a184c8,0x0000000083080000)
 Metaspace       used 30214K, capacity 31026K, committed 31280K, reserved 1077248K
  class space    used 4056K, capacity 4308K, committed 4400K, reserved 1048576K
}
Event: 13.036 GC heap before
{Heap before GC invocations=12 (full 1):
 PSYoungGen      total 52224K, used 46786K [0x00000000d5580000, 0x00000000d9380000, 0x0000000100000000)
  eden space 41984K, 100% used [0x00000000d5580000,0x00000000d7e80000,0x00000000d7e80000)
  from space 10240K, 46% used [0x00000000d8980000,0x00000000d8e30ba8,0x00000000d9380000)
  to   space 10752K, 0% used [0x00000000d7e80000,0x00000000d7e80000,0x00000000d8900000)
 ParOldGen       total 49664K, used 10337K [0x0000000080000000, 0x0000000083080000, 0x00000000d5580000)
  object space 49664K, 20% used [0x0000000080000000,0x0000000080a184c8,0x0000000083080000)
 Metaspace       used 32121K, capacity 33016K, committed 33072K, reserved 1077248K
  class space    used 4357K, capacity 4630K, committed 4656K, reserved 1048576K
Event: 13.044 GC heap after
Heap after GC invocations=12 (full 1):
 PSYoungGen      total 52736K, used 3497K [0x00000000d5580000, 0x00000000d9380000, 0x0000000100000000)
  eden space 41984K, 0% used [0x00000000d5580000,0x00000000d5580000,0x00000000d7e80000)
  from space 10752K, 32% used [0x00000000d7e80000,0x00000000d81ea518,0x00000000d8900000)
  to   space 10240K, 0% used [0x00000000d8980000,0x00000000d8980000,0x00000000d9380000)
 ParOldGen       total 49664K, used 13585K [0x0000000080000000, 0x0000000083080000, 0x00000000d5580000)
  object space 49664K, 27% used [0x0000000080000000,0x0000000080d444e8,0x0000000083080000)
 Metaspace       used 32121K, capacity 33016K, committed 33072K, reserved 1077248K
  class space    used 4357K, capacity 4630K, committed 4656K, reserved 1048576K
}

Deoptimization events (10 events):
Event: 10.970 Thread 0x000000001bb95800 Uncommon trap: reason=class_check action=maybe_recompile pc=0x000000000360fe0c method=sun.misc.URLClassPath.getLoader(I)Lsun/misc/URLClassPath$Loader; @ 94
Event: 10.970 Thread 0x000000001bb95800 Uncommon trap: reason=class_check action=maybe_recompile pc=0x00000000037755ac method=sun.misc.URLClassPath.getResource(Ljava/lang/String;Z)Lsun/misc/Resource; @ 62
Event: 10.970 Thread 0x000000001bb95800 Uncommon trap: reason=unstable_if action=reinterpret pc=0x0000000003a26760 method=java.lang.String.regionMatches(ZILjava/lang/String;II)Z @ 41
Event: 10.975 Thread 0x000000001bb95800 Uncommon trap: reason=unstable_if action=reinterpret pc=0x00000000036b0f4c method=java.lang.ClassLoader.getClassLoadingLock(Ljava/lang/String;)Ljava/lang/Object; @ 6
Event: 11.016 Thread 0x000000001bb95800 Uncommon trap: reason=class_check action=maybe_recompile pc=0x00000000035a9598 method=java.io.BufferedInputStream.read([BII)I @ 101
Event: 11.017 Thread 0x000000001bb95800 Uncommon trap: reason=class_check action=maybe_recompile pc=0x00000000035a9598 method=java.io.BufferedInputStream.read([BII)I @ 101
Event: 11.467 Thread 0x000000001a0e0800 Uncommon trap: reason=unstable_if action=reinterpret pc=0x0000000003934abc method=java.lang.ref.Reference.tryHandlePending(Z)Z @ 104
Event: 11.601 Thread 0x000000001bb95800 Uncommon trap: reason=unstable_if action=reinterpret pc=0x00000000038983f8 method=java.lang.String.regionMatches(ZILjava/lang/String;II)Z @ 41
Event: 12.726 Thread 0x000000001bb95800 Uncommon trap: reason=unstable_if action=reinterpret pc=0x000000000392f17c method=jdk.internal.org.objectweb.asm.Type.getArgumentsAndReturnSizes(Ljava/lang/String;)I @ 88
Event: 13.021 Thread 0x000000001bb95800 Uncommon trap: reason=unstable_if action=reinterpret pc=0x0000000003bb59e0 method=sun.misc.URLClassPath$JarLoader.getResource(Ljava/lang/String;ZLjava/util/Set;)Lsun/misc/Resource; @ 17

Classes redefined (0 events):
No events

Internal exceptions (10 events):
Event: 13.117 Thread 0x000000001bb95800 Exception <a 'java/lang/ClassNotFoundException': org/jetbrains/plugins/gradle/tooling/AbstractModelBuilderServiceCustomizer> (0x00000000d5b8bd68) thrown at [C:\src\AOSP-openjdk-git\hotspot\src\share\vm\classfile\systemDictionary.cpp, line 210]
Event: 13.118 Thread 0x000000001bb95800 Exception <a 'java/lang/ClassNotFoundException': org/jetbrains/plugins/gradle/tooling/builder/EarModelBuilderImplCustomizer> (0x00000000d5b9ce70) thrown at [C:\src\AOSP-openjdk-git\hotspot\src\share\vm\classfile\systemDictionary.cpp, line 210]
Event: 13.132 Thread 0x000000001bb95800 Exception <a 'java/lang/ClassNotFoundException': org/jetbrains/plugins/gradle/tooling/builder/ScalaModelBuilderImplBeanInfo> (0x00000000d5ca7520) thrown at [C:\src\AOSP-openjdk-git\hotspot\src\share\vm\classfile\systemDictionary.cpp, line 210]
Event: 13.133 Thread 0x000000001bb95800 Exception <a 'java/lang/ClassNotFoundException': org/jetbrains/plugins/gradle/tooling/builder/ScalaModelBuilderImplCustomizer> (0x00000000d5cb59d8) thrown at [C:\src\AOSP-openjdk-git\hotspot\src\share\vm\classfile\systemDictionary.cpp, line 210]
Event: 13.141 Thread 0x000000001bb95800 Exception <a 'java/lang/ClassNotFoundException': org/jetbrains/plugins/gradle/tooling/builder/ExternalProjectBuilderImpl$1BeanInfo> (0x00000000d5d1e5c8) thrown at [C:\src\AOSP-openjdk-git\hotspot\src\share\vm\classfile\systemDictionary.cpp, line 210]
Event: 13.142 Thread 0x000000001bb95800 Exception <a 'java/lang/ClassNotFoundException': org/jetbrains/plugins/gradle/tooling/builder/ExternalProjectBuilderImpl$1Customizer> (0x00000000d5d2d328) thrown at [C:\src\AOSP-openjdk-git\hotspot\src\share\vm\classfile\systemDictionary.cpp, line 210]
Event: 13.149 Thread 0x000000001bb95800 Exception <a 'java/lang/ClassNotFoundException': org/jetbrains/plugins/gradle/tooling/builder/ExternalProjectBuilderImplBeanInfo> (0x00000000d5da2938) thrown at [C:\src\AOSP-openjdk-git\hotspot\src\share\vm\classfile\systemDictionary.cpp, line 210]
Event: 13.150 Thread 0x000000001bb95800 Exception <a 'java/lang/ClassNotFoundException': org/jetbrains/plugins/gradle/tooling/builder/ExternalProjectBuilderImplCustomizer> (0x00000000d5db1308) thrown at [C:\src\AOSP-openjdk-git\hotspot\src\share\vm\classfile\systemDictionary.cpp, line 210]
Event: 13.163 Thread 0x000000001bb95800 Exception <a 'java/lang/ClassNotFoundException': org/jetbrains/plugins/gradle/tooling/builder/ExternalTestsModelBuilderImplBeanInfo> (0x00000000d5e98d40) thrown at [C:\src\AOSP-openjdk-git\hotspot\src\share\vm\classfile\systemDictionary.cpp, line 210]
Event: 13.164 Thread 0x000000001bb95800 Exception <a 'java/lang/ClassNotFoundException': org/jetbrains/plugins/gradle/tooling/builder/ExternalTestsModelBuilderImplCustomizer> (0x00000000d5ea7ab8) thrown at [C:\src\AOSP-openjdk-git\hotspot\src\share\vm\classfile\systemDictionary.cpp, line 210]

Events (10 events):
Event: 13.173 loading class org/gradle/api/internal/tasks/InputChangesAwareTaskAction
Event: 13.173 loading class org/gradle/api/internal/tasks/InputChangesAwareTaskAction done
Event: 13.173 loading class org/gradle/api/internal/tasks/ImplementationAwareTaskAction
Event: 13.173 loading class org/gradle/api/internal/tasks/ImplementationAwareTaskAction done
Event: 13.174 loading class org/gradle/logging/LoggingManagerInternal
Event: 13.174 loading class org/gradle/logging/LoggingManagerInternal done
Event: 13.174 loading class org/gradle/logging/StandardOutputCapture
Event: 13.174 loading class org/gradle/logging/StandardOutputCapture done
Event: 13.175 loading class org/gradle/api/reporting/ReportContainer
Event: 13.175 loading class org/gradle/api/reporting/ReportContainer done


Dynamic libraries:
0x00007ff7243a0000 - 0x00007ff7243d1000 	C:\Program Files\Android\Android Studio1\jre\bin\java.exe
0x00007ff951fc0000 - 0x00007ff9521b0000 	C:\WINDOWS\SYSTEM32\ntdll.dll
0x00007ff951390000 - 0x00007ff951442000 	C:\WINDOWS\System32\KERNEL32.DLL
0x00007ff94f1d0000 - 0x00007ff94f474000 	C:\WINDOWS\System32\KERNELBASE.dll
0x00007ff950070000 - 0x00007ff950113000 	C:\WINDOWS\System32\ADVAPI32.dll
0x00007ff951830000 - 0x00007ff9518ce000 	C:\WINDOWS\System32\msvcrt.dll
0x00007ff951030000 - 0x00007ff9510c7000 	C:\WINDOWS\System32\sechost.dll
0x00007ff9510d0000 - 0x00007ff9511f0000 	C:\WINDOWS\System32\RPCRT4.dll
0x00007ff9511f0000 - 0x00007ff951385000 	C:\WINDOWS\System32\USER32.dll
0x00007ff94f130000 - 0x00007ff94f151000 	C:\WINDOWS\System32\win32u.dll
0x00007ff950fa0000 - 0x00007ff950fc6000 	C:\WINDOWS\System32\GDI32.dll
0x00007ff94f610000 - 0x00007ff94f7a6000 	C:\WINDOWS\System32\gdi32full.dll
0x00007ff94f090000 - 0x00007ff94f12e000 	C:\WINDOWS\System32\msvcp_win.dll
0x00007ff94ff40000 - 0x00007ff95003a000 	C:\WINDOWS\System32\ucrtbase.dll
0x00007ff9362f0000 - 0x00007ff936574000 	C:\WINDOWS\WinSxS\amd64_microsoft.windows.common-controls_6595b64144ccf1df_6.0.18362.1016_none_9e7a36bbe461dae4\COMCTL32.dll
0x00007ff951480000 - 0x00007ff9517b5000 	C:\WINDOWS\System32\combase.dll
0x00007ff94f480000 - 0x00007ff94f500000 	C:\WINDOWS\System32\bcryptPrimitives.dll
0x00007ff950120000 - 0x00007ff95014e000 	C:\WINDOWS\System32\IMM32.DLL
0x00007ff938710000 - 0x00007ff938818000 	C:\Program Files (x86)\Citrix\ICA Client\epclient64.dll
0x00007ff94dec0000 - 0x00007ff94def1000 	C:\WINDOWS\SYSTEM32\ntmarta.dll
0x00007ff950040000 - 0x00007ff950066000 	C:\WINDOWS\System32\bcrypt.dll
0x000000005d0a0000 - 0x000000005d172000 	C:\Program Files\Android\Android Studio1\jre\jre\bin\msvcr100.dll
0x000000005d260000 - 0x000000005daab000 	C:\Program Files\Android\Android Studio1\jre\jre\bin\server\jvm.dll
0x0000000002eb0000 - 0x0000000002eb8000 	C:\WINDOWS\System32\PSAPI.DLL
0x00007ff93cb00000 - 0x00007ff93cb09000 	C:\WINDOWS\SYSTEM32\WSOCK32.dll
0x0000000002ec0000 - 0x0000000002f2f000 	C:\WINDOWS\System32\WS2_32.dll
0x00007ff94bfe0000 - 0x00007ff94c004000 	C:\WINDOWS\SYSTEM32\WINMM.dll
0x00007ff948e50000 - 0x00007ff948e5a000 	C:\WINDOWS\SYSTEM32\VERSION.dll
0x00007ff94be50000 - 0x00007ff94be7d000 	C:\WINDOWS\SYSTEM32\WINMMBASE.dll
0x00007ff94f180000 - 0x00007ff94f1ca000 	C:\WINDOWS\System32\cfgmgr32.dll
0x00007ff94c070000 - 0x00007ff94c07f000 	C:\Program Files\Android\Android Studio1\jre\jre\bin\verify.dll
0x00007ff93d4f0000 - 0x00007ff93d519000 	C:\Program Files\Android\Android Studio1\jre\jre\bin\java.dll
0x00007ff9488e0000 - 0x00007ff9488f6000 	C:\Program Files\Android\Android Studio1\jre\jre\bin\zip.dll
0x00007ff950670000 - 0x00007ff950d57000 	C:\WINDOWS\System32\SHELL32.dll
0x00007ff951ed0000 - 0x00007ff951f79000 	C:\WINDOWS\System32\shcore.dll
0x00007ff94f7b0000 - 0x00007ff94ff32000 	C:\WINDOWS\System32\windows.storage.dll
0x00007ff94ee80000 - 0x00007ff94eea3000 	C:\WINDOWS\System32\profapi.dll
0x00007ff94eed0000 - 0x00007ff94ef1a000 	C:\WINDOWS\System32\powrprof.dll
0x00007ff94ee70000 - 0x00007ff94ee80000 	C:\WINDOWS\System32\UMPDC.dll
0x00007ff950ea0000 - 0x00007ff950ef2000 	C:\WINDOWS\System32\shlwapi.dll
0x00007ff94ef20000 - 0x00007ff94ef31000 	C:\WINDOWS\System32\kernel.appcore.dll
0x00007ff94f160000 - 0x00007ff94f177000 	C:\WINDOWS\System32\cryptsp.dll
0x00007ff945270000 - 0x00007ff94528a000 	C:\Program Files\Android\Android Studio1\jre\jre\bin\net.dll
0x00007ff94e670000 - 0x00007ff94e6d7000 	C:\WINDOWS\system32\mswsock.dll
0x00007ff93d5a0000 - 0x00007ff93d5b3000 	C:\Program Files\Android\Android Studio1\jre\jre\bin\nio.dll
0x00007ff92c4c0000 - 0x00007ff92c4e6000 	C:\Users\Idan Roas\.gradle\native\31\windows-amd64\native-platform.dll
0x00007ff94c060000 - 0x00007ff94c06d000 	C:\Program Files\Android\Android Studio1\jre\jre\bin\management.dll
0x00007ff94e1e0000 - 0x00007ff94e213000 	C:\WINDOWS\system32\rsaenh.dll
0x00007ff94ed90000 - 0x00007ff94edb5000 	C:\WINDOWS\SYSTEM32\USERENV.dll
0x00007ff94e840000 - 0x00007ff94e84c000 	C:\WINDOWS\SYSTEM32\CRYPTBASE.dll
0x00007ff94e380000 - 0x00007ff94e3ba000 	C:\WINDOWS\SYSTEM32\IPHLPAPI.DLL
0x00007ff950f00000 - 0x00007ff950f08000 	C:\WINDOWS\System32\NSI.dll
0x00007ff945770000 - 0x00007ff945786000 	C:\WINDOWS\SYSTEM32\dhcpcsvc6.DLL
0x00007ff945750000 - 0x00007ff94576c000 	C:\WINDOWS\SYSTEM32\dhcpcsvc.DLL
0x00007ff94e3d0000 - 0x00007ff94e49b000 	C:\WINDOWS\SYSTEM32\DNSAPI.dll

VM Arguments:
jvm_args: -Xmx2048m -Dfile.encoding=windows-1255 -Duser.country=IL -Duser.language=iw -Duser.variant 
java_command: org.gradle.launcher.daemon.bootstrap.GradleDaemon 6.1.1
java_class_path (initial): C:\Users\Idan Roas\.gradle\wrapper\dists\gradle-6.1.1-all\cfmwm155h49vnt3hynmlrsdst\gradle-6.1.1\lib\gradle-launcher-6.1.1.jar
Launcher Type: SUN_STANDARD

Environment Variables:
JAVA_HOME=C:\Program Files\Java\jdk1.8.0_181
PATH=C:\GTK\bin;C:\Program Files (x86)\Common Files\Oracle\Java\javapath;C:\WINDOWS\system32;C:\WINDOWS;C:\WINDOWS\System32\Wbem;C:\WINDOWS\System32\WindowsPowerShell\v1.0\;C:\WINDOWS\System32\OpenSSH\;C:\Program Files\Git\cmd;C:\Program Files\PuTTY\;C:\Program Files\nodejs\;C:\Program Files\Java\jdk1.8.0_181\bin;C:\opt\apache-maven-3.6.1\bin;C:\Program Files\MySQL\MySQL Shell 8.0\bin\;C:\Users\Idan Roas\AppData\Local\Programs\Microsoft VS Code\bin;C:\Users\Idan Roas\AppData\Local\Microsoft\WindowsApps;
USERNAME=Idan Roas
OS=Windows_NT
PROCESSOR_IDENTIFIER=Intel64 Family 6 Model 142 Stepping 10, GenuineIntel



---------------  S Y S T E M  ---------------

OS: Windows 10.0 , 64 bit Build 18362 (10.0.18362.959)

CPU:total 8 (initial active 8) (4 cores per cpu, 2 threads per core) family 6 model 142 stepping 10, cmov, cx8, fxsr, mmx, sse, sse2, sse3, ssse3, sse4.1, sse4.2, popcnt, avx, avx2, aes, clmul, erms, 3dnowpref, lzcnt, ht, tsc, tscinvbit, bmi1, bmi2, adx

Memory: 4k page, physical 8268964k(440840k free), swap 33434788k(5336k free)

vm_info: OpenJDK 64-Bit Server VM (25.242-b01) for windows-amd64 JRE (1.8.0_242-release-1644-b01), built by "builder" with MS VC++ 10.0 (VS2010)

time: Fri Nov 06 11:52:13 2020
timezone: שעון רגיל ירושלים
elapsed time: 13 seconds (0d 0h 0m 13s)

